2018-01-06 9:40:57 - Array
(
    [status] => success
    [order_id] => 71
    [time] => 2018-01-06 09:40:57
    [price] => 564
    [option_str] => 重量:1克颜色:白色
)

2018-01-06 10:13:51 - Array
(
    [0] => Array
        (
            [order_id] => 1
        )

    [1] => Array
        (
            [order_id] => 43
        )

    [2] => Array
        (
            [order_id] => 56
        )

)

2018-01-06 10:13:51 - Array
(
    [0] => Array
        (
            [order_product_id] => 1
            [order_id] => 1
            [product_id] => 50
            [name] => 珠宝e
            [model] => test1
            [quantity] => 1
            [price] => 188.0000
            [total] => 188.0000
            [tax] => 0.0000
            [reward] => 0
        )

)

2018-01-06 10:13:51 - Array
(
    [0] => Array
        (
            [order_product_id] => 76
            [order_id] => 43
            [product_id] => 50
            [name] => 珠宝
            [model] => 
            [quantity] => 5
            [price] => 0.0000
            [total] => 940.0000
            [tax] => 0.0000
            [reward] => 0
        )

)

2018-01-06 10:13:51 - Array
(
    [0] => Array
        (
            [order_product_id] => 91
            [order_id] => 56
            [product_id] => 50
            [name] => 珠宝
            [model] => 
            [quantity] => 1
            [price] => 0.0000
            [total] => 188.0000
            [tax] => 0.0000
            [reward] => 0
        )

)

2018-01-06 10:13:51 - Order Number
2018-01-06 12:35:11 - Array
(
    [status] => success
    [order_id] => 72
    [time] => 2018-01-06 12:35:11
    [price] => 752
    [option_str] => 重量:3克颜色:白色
)

2018-01-06 13:40:02 - Array
(
    [status] => success
    [order_id] => 73
    [time] => 2018-01-06 13:40:02
    [price] => 78.0000
    [option_str] => Beijing opera boll:Hsiao Ching
)

2018-01-06 14:34:28 - Array
(
    [status] => success
    [order_id] => 74
    [time] => 2018-01-06 14:34:28
    [price] => 399.0000
    [option_str] => Beijing opera boll:Mi month
)

2018-01-06 14:35:30 - Array
(
    [0] => Array
        (
            [order_id] => 74
        )

)

2018-01-06 14:35:30 - Array
(
    [0] => Array
        (
            [order_product_id] => 109
            [order_id] => 74
            [product_id] => 51
            [name] => Beijing opera doll
            [model] => 
            [quantity] => 1
            [price] => 0.0000
            [total] => 399.0000
            [tax] => 0.0000
            [reward] => 0
        )

)

2018-01-06 14:35:30 - Order Number
2018-01-07 4:44:15 - Array
(
    [status] => success
    [order_id] => 75
    [time] => 2018-01-07 04:44:15
    [price] => 2394
    [option_str] => Beijing opera boll:Lady General Mu
)

2018-01-07 9:02:14 - Array
(
    [0] => Array
        (
            [order_id] => 1
        )

    [1] => Array
        (
            [order_id] => 43
        )

    [2] => Array
        (
            [order_id] => 56
        )

)

2018-01-07 9:02:14 - Array
(
    [0] => Array
        (
            [order_product_id] => 1
            [order_id] => 1
            [product_id] => 50
            [name] => 珠宝e
            [model] => test1
            [quantity] => 1
            [price] => 188.0000
            [total] => 188.0000
            [tax] => 0.0000
            [reward] => 0
        )

)

2018-01-07 9:02:14 - Array
(
    [0] => Array
        (
            [order_product_id] => 76
            [order_id] => 43
            [product_id] => 50
            [name] => 珠宝
            [model] => 
            [quantity] => 5
            [price] => 0.0000
            [total] => 940.0000
            [tax] => 0.0000
            [reward] => 0
        )

)

2018-01-07 9:02:14 - Array
(
    [0] => Array
        (
            [order_product_id] => 91
            [order_id] => 56
            [product_id] => 50
            [name] => 珠宝
            [model] => 
            [quantity] => 1
            [price] => 0.0000
            [total] => 188.0000
            [tax] => 0.0000
            [reward] => 0
        )

)

2018-01-07 9:02:14 - Order Number
2018-01-07 9:02:28 - Array
(
    [0] => Array
        (
            [order_id] => 1
        )

    [1] => Array
        (
            [order_id] => 43
        )

    [2] => Array
        (
            [order_id] => 56
        )

)

2018-01-07 9:02:28 - Array
(
    [0] => Array
        (
            [order_product_id] => 1
            [order_id] => 1
            [product_id] => 50
            [name] => 珠宝e
            [model] => test1
            [quantity] => 1
            [price] => 188.0000
            [total] => 188.0000
            [tax] => 0.0000
            [reward] => 0
        )

)

2018-01-07 9:02:28 - Array
(
    [0] => Array
        (
            [order_product_id] => 76
            [order_id] => 43
            [product_id] => 50
            [name] => 珠宝
            [model] => 
            [quantity] => 5
            [price] => 0.0000
            [total] => 940.0000
            [tax] => 0.0000
            [reward] => 0
        )

)

2018-01-07 9:02:28 - Array
(
    [0] => Array
        (
            [order_product_id] => 91
            [order_id] => 56
            [product_id] => 50
            [name] => 珠宝
            [model] => 
            [quantity] => 1
            [price] => 0.0000
            [total] => 188.0000
            [tax] => 0.0000
            [reward] => 0
        )

)

2018-01-07 9:02:28 - Order Number
2018-01-07 9:56:47 - Array
(
    [status] => success
    [order_id] => 76
    [time] => 2018-01-07 09:56:47
    [price] => 2394
    [option_str] => Beijing opera boll:Lady General Mu
)

2018-01-07 15:27:19 - Array
(
    [status] => success
    [order_id] => 77
    [time] => 2018-01-07 15:27:19
    [price] => 1995
    [option_str] => Beijing opera boll:Emperor
)

